-------------------------------------------------------------------------------
Test set: in.suryaumapthy.projects.collage_admission.service.TestFindStudentDepartmentByEmail
-------------------------------------------------------------------------------
Tests run: 4, Failures: 1, Errors: 0, Skipped: 0, Time elapsed: 1.493 s <<< FAILURE! - in in.suryaumapthy.projects.collage_admission.service.TestFindStudentDepartmentByEmail
testFindStudentDepartmentByEmailId  Time elapsed: 0.239 s  <<< FAILURE!
org.opentest4j.AssertionFailedError: expected: <EEE> but was: <IT>
	at in.suryaumapthy.projects.collage_admission.service.TestFindStudentDepartmentByEmail.testFindStudentDepartmentByEmailId(TestFindStudentDepartmentByEmail.java:24)

